Attempts: 1 - Request URL: www.anucentralcollege.lk/wp-content/themes/archi-3.0.1/images/list-arrow.png
Attempts: 2 - Request URL: www.anucentralcollege.lk/wp-content/themes/archi-3.0.1/images/close-2.png
Attempts: 3 - Request URL: www.anucentralcollege.lk/wp-content/themes/archi-3.0.1/images/icon-url.png
Attempts: 4 - Request URL: www.anucentralcollege.lk/wp-content/themes/archi-3.0.1/images/close.png
Attempts: 5 - Request URL: www.anucentralcollege.lk/wp-content/themes/archi-3.0.1/images/icon-zoom.png
Attempts: 6 - Request URL: www.anucentralcollege.lk/wp-content/themes/archi-3.0.1/images/icon-slide-plus.png
Attempts: 7 - Request URL: www.anucentralcollege.lk/wp-content/themes/archi-3.0.1/images/page-loader.gif
Attempts: 8 - Request URL: www.anucentralcollege.lk/wp-content/themes/archi-3.0.1/css/images/raster.png
Attempts: 9 - Request URL: www.anucentralcollege.lk/wp-content/themes/archi-3.0.1/images/icon-slide-min.png
Attempts: 10 - Request URL: www.anucentralcollege.lk/wp-content/themes/archi-3.0.1/css/images/raster_dot.png
Attempts: 11 - Request URL: www.anucentralcollege.lk/wp-content/themes/archi-3.0.1/css/images/raster@2x.png
Attempts: 12 - Request URL: www.anucentralcollege.lk/wp-content/themes/archi-3.0.1/images/close.png
Attempts: 13 - Request URL: www.anucentralcollege.lk/wp-content/themes/archi-3.0.1/images/icon-slide-plus.png
Attempts: 14 - Request URL: www.anucentralcollege.lk/wp-content/themes/archi-3.0.1/css/images/raster_dot.png
Attempts: 15 - Request URL: www.anucentralcollege.lk/wp-content/themes/archi-3.0.1/css/images/raster@2x.png
Attempts: 16 - Request URL: www.anucentralcollege.lk/wp-content/themes/archi-3.0.1/images/page-loader.gif
Attempts: 17 - Request URL: www.anucentralcollege.lk/wp-content/themes/archi-3.0.1/css/images/raster.png
Attempts: 18 - Request URL: www.anucentralcollege.lk/wp-content/themes/archi-3.0.1/css/AjaxLoader.gif
Attempts: 19 - Request URL: www.anucentralcollege.lk/wp-content/themes/archi-3.0.1/images/icon-url.png
Attempts: 20 - Request URL: www.anucentralcollege.lk/wp-content/themes/archi-3.0.1/images/icon-zoom.png
Attempts: 21 - Request URL: www.anucentralcollege.lk/wp-content/themes/archi-3.0.1/.images/page-loader.gif
Attempts: 22 - Request URL: www.anucentralcollege.lk/wp-content/themes/archi-3.0.1/images/close-2.png
