Attempts: 1 - Request URL: www.anucentralcollege.lk/wp-content/themes/archi-3.0.1/fonts/glyphicons-halflings-regular.eot
Attempts: 2 - Request URL: www.anucentralcollege.lk/wp-content/themes/archi-3.0.1/fonts/glyphicons-halflings-regular.eot?
Attempts: 3 - Request URL: www.anucentralcollege.lk/wp-content/themes/archi-3.0.1/fonts/glyphicons-halflings-regular.woff
Attempts: 4 - Request URL: www.anucentralcollege.lk/wp-content/themes/archi-3.0.1/fonts/glyphicons-halflings-regular.ttf
Attempts: 5 - Request URL: www.anucentralcollege.lk/wp-content/themes/archi-3.0.1/fonts/glyphicons-halflings-regular.svg
Attempts: 6 - Request URL: www.anucentralcollege.lk/wp-content/themes/archi-3.0.1/css/AjaxLoader.gif
Attempts: 7 - Request URL: www.anucentralcollege.lk/wp-content/themes/archi-3.0.1/css/font/ytp-regular.eot
Attempts: 8 - Request URL: www.anucentralcollege.lk/wp-content/themes/archi-3.0.1/images/icon-slide-plus.png
Attempts: 9 - Request URL: www.anucentralcollege.lk/wp-content/themes/archi-3.0.1/images/icon-slide-min.png
Attempts: 10 - Request URL: www.anucentralcollege.lk/wp-content/themes/archi-3.0.1/images/close.png
Attempts: 11 - Request URL: www.anucentralcollege.lk/wp-content/themes/archi-3.0.1/images/close-2.png
Attempts: 12 - Request URL: www.anucentralcollege.lk/wp-content/themes/archi-3.0.1/images/icon-url.png
Attempts: 13 - Request URL: www.anucentralcollege.lk/wp-content/themes/archi-3.0.1/images/icon-zoom.png
Attempts: 14 - Request URL: www.anucentralcollege.lk/wp-content/themes/archi-3.0.1/images/list-arrow.png
Attempts: 15 - Request URL: www.anucentralcollege.lk/wp-content/themes/archi-3.0.1/.images/page-loader.gif
Attempts: 16 - Request URL: www.anucentralcollege.lk/wp-content/themes/archi-3.0.1/images/page-loader.gif
Attempts: 17 - Request URL: www.anucentralcollege.lk/environmental-pioneer-brigade/%22http:/www.flickr.com/photos/156055939@N03/35461589106/%22
Attempts: 18 - Request URL: www.anucentralcollege.lk/environmental-pioneer-brigade/%22http:/www.flickr.com/photos/156055939@N03/34691377373/%22
Attempts: 19 - Request URL: www.anucentralcollege.lk/environmental-pioneer-brigade/%22http:/www.flickr.com/photos/156055939@N03/35461587186/%22
Attempts: 20 - Request URL: www.anucentralcollege.lk/environmental-pioneer-brigade/%22http:/www.flickr.com/photos/156055939@N03/35461586176/%22
Attempts: 21 - Request URL: www.anucentralcollege.lk/environmental-pioneer-brigade/%22http:/www.flickr.com/photos/156055939@N03/35461584686/%22
Attempts: 22 - Request URL: www.anucentralcollege.lk/environmental-pioneer-brigade/%22http:/www.flickr.com/photos/156055939@N03/34660010304/%22
Attempts: 23 - Request URL: www.anucentralcollege.lk/environmental-pioneer-brigade/%22http:/www.flickr.com/photos/156055939@N03/35461582976/%22
Attempts: 24 - Request URL: www.anucentralcollege.lk/environmental-pioneer-brigade/%22http:/www.flickr.com/photos/156055939@N03/35501029945/%22
Attempts: 25 - Request URL: www.anucentralcollege.lk/environmental-pioneer-brigade/%22http:/www.flickr.com/photos/156055939@N03/35461577746/%22
Attempts: 26 - Request URL: www.anucentralcollege.lk/environmental-pioneer-brigade/%22http:/www.flickr.com/photos/156055939@N03/35501027335/%22
Attempts: 27 - Request URL: www.anucentralcollege.lk/environmental-pioneer-brigade/%22http:/www.flickr.com/photos/156055939@N03/35461572806/%22
Attempts: 28 - Request URL: www.anucentralcollege.lk/environmental-pioneer-brigade/%22http:/www.flickr.com/photos/156055939@N03/35501023475/%22
Attempts: 29 - Request URL: www.anucentralcollege.lk/environmental-pioneer-brigade/%22http:/www.flickr.com/photos/156055939@N03/35461566846/%22
Attempts: 30 - Request URL: www.anucentralcollege.lk/environmental-pioneer-brigade/%22http:/www.flickr.com/photos/156055939@N03/35501020785/%22
Attempts: 31 - Request URL: www.anucentralcollege.lk/environmental-pioneer-brigade/%22http:/www.flickr.com/photos/156055939@N03/34691365593/%22
Attempts: 32 - Request URL: www.anucentralcollege.lk/wp-content/uploads/ac_assets/uc_minified_audio_player/bigplay.svg
Attempts: 33 - Request URL: www.anucentralcollege.lk/wp-content/uploads/ac_assets/uc_minified_audio_player/bigplay.png
Attempts: 34 - Request URL: www.anucentralcollege.lk/wp-content/uploads/ac_assets/uc_minified_audio_player/background.png
Attempts: 35 - Request URL: www.anucentralcollege.lk/wp-content/uploads/ac_assets/uc_minified_audio_player/loading.gif
Attempts: 36 - Request URL: www.anucentralcollege.lk/wp-content/uploads/ac_assets/uc_minified_audio_player/background1.png
Attempts: 37 - Request URL: www.anucentralcollege.lk/wp-content/uploads/ac_assets/uc_minified_audio_player/controls.svg
Attempts: 38 - Request URL: www.anucentralcollege.lk/wp-content/uploads/ac_assets/uc_minified_audio_player/controls.png
Attempts: 39 - Request URL: www.anucentralcollege.lk/wp-content/uploads/ac_assets/uc_minified_audio_player/jumpforward.png
Attempts: 40 - Request URL: www.anucentralcollege.lk/wp-content/uploads/ac_assets/uc_minified_audio_player/skipback.png
Attempts: 41 - Request URL: www.anucentralcollege.lk/www.cincopa.com/media-platform/runtime/libasync.js
