Attempts: 1 - Request URL: www.anucentralcollege.lk/wp-content/plugins/revslider/readme.txt
Attempts: 2 - Request URL: www.anucentralcollege.lk/wp-content/plugins/js_composer/readme.txt
Attempts: 3 - Request URL: www.anucentralcollege.lk/wp-content/plugins/vc-extensions-imageoverlay/readme.txt
Attempts: 4 - Request URL: www.anucentralcollege.lk/wp-content/plugins/all-in-one-seo-pack/readme.txt
Attempts: 5 - Request URL: www.anucentralcollege.lk/wp-content/plugins/revslider/readme.txt
Attempts: 6 - Request URL: www.anucentralcollege.lk/wp-content/plugins/js_composer/readme.txt
Attempts: 7 - Request URL: www.anucentralcollege.lk/wp-content/plugins/vc-extensions-imageoverlay/readme.txt
Attempts: 8 - Request URL: www.anucentralcollege.lk/wp-content/plugins/all-in-one-seo-pack/readme.txt
Attempts: 9 - Request URL: www.anucentralcollege.lk/?author=2
Attempts: 10 - Request URL: www.anucentralcollege.lk/wp-content/plugins/revslider/readme.txt
Attempts: 11 - Request URL: www.anucentralcollege.lk/wp-content/plugins/js_composer/readme.txt
Attempts: 12 - Request URL: www.anucentralcollege.lk/wp-content/plugins/vc-extensions-imageoverlay/readme.txt
Attempts: 13 - Request URL: www.anucentralcollege.lk/wp-content/plugins/all-in-one-seo-pack/readme.txt
Attempts: 14 - Request URL: www.anucentralcollege.lk/wp-content/plugins/revslider/readme.txt
Attempts: 15 - Request URL: www.anucentralcollege.lk/wp-content/plugins/js_composer/readme.txt
Attempts: 16 - Request URL: www.anucentralcollege.lk/wp-content/plugins/vc-extensions-imageoverlay/readme.txt
Attempts: 17 - Request URL: www.anucentralcollege.lk/wp-content/plugins/all-in-one-seo-pack/readme.txt
Attempts: 18 - Request URL: www.anucentralcollege.lk/?author=2
Attempts: 19 - Request URL: www.anucentralcollege.lk/wp-content/plugins/revslider/readme.txt
Attempts: 20 - Request URL: www.anucentralcollege.lk/wp-content/plugins/js_composer/readme.txt
Attempts: 21 - Request URL: www.anucentralcollege.lk/wp-content/plugins/vc-extensions-imageoverlay/readme.txt
Attempts: 22 - Request URL: www.anucentralcollege.lk/wp-content/plugins/all-in-one-seo-pack/readme.txt
Attempts: 23 - Request URL: www.anucentralcollege.lk/wp-content/plugins/revslider/readme.txt
Attempts: 24 - Request URL: www.anucentralcollege.lk/wp-content/plugins/js_composer/readme.txt
Attempts: 25 - Request URL: www.anucentralcollege.lk/wp-content/plugins/vc-extensions-imageoverlay/readme.txt
Attempts: 26 - Request URL: www.anucentralcollege.lk/wp-content/plugins/all-in-one-seo-pack/readme.txt
Attempts: 27 - Request URL: www.anucentralcollege.lk/?author=2
