Attempts: 1 - Request URL: www.anucentralcollege.lk/wp-content/debug.log
Attempts: 2 - Request URL: www.anucentralcollege.lk/wp-config.old
Attempts: 3 - Request URL: www.anucentralcollege.lk/wp-config.php.save
Attempts: 4 - Request URL: www.anucentralcollege.lk/wp-config.txt
Attempts: 4 - Request URL: www.anucentralcollege.lk/.wp-config.php.swp
Attempts: 5 - Request URL: www.anucentralcollege.lk/wp-config.php.bak
Attempts: 5 - Request URL: www.anucentralcollege.lk/wp-config.original
Attempts: 6 - Request URL: www.anucentralcollege.lk/wp-config.bak
Attempts: 7 - Request URL: www.anucentralcollege.lk/wp-config.php.old
Attempts: 8 - Request URL: www.anucentralcollege.lk/wp-config.php.original
Attempts: 9 - Request URL: www.anucentralcollege.lk/wp-config.php.orig
Attempts: 10 - Request URL: www.anucentralcollege.lk/%23wp-config.php%23
Attempts: 11 - Request URL: www.anucentralcollege.lk/wp-config.php.swo
Attempts: 12 - Request URL: www.anucentralcollege.lk/wp-config.php.swp
Attempts: 13 - Request URL: www.anucentralcollege.lk/wp-config.php~
Attempts: 14 - Request URL: www.anucentralcollege.lk/wp-config.save
Attempts: 15 - Request URL: www.anucentralcollege.lk/searchreplacedb2.php
Attempts: 16 - Request URL: www.anucentralcollege.lk/wp-content/mu-plugins/
Attempts: 17 - Request URL: www.anucentralcollege.lk/wp-content/debug.log
Attempts: 18 - Request URL: www.anucentralcollege.lk/wp-config.save
Attempts: 18 - Request URL: www.anucentralcollege.lk/wp-config.php.save
Attempts: 19 - Request URL: www.anucentralcollege.lk/wp-config.php.old
Attempts: 20 - Request URL: www.anucentralcollege.lk/wp-config.php.swo
Attempts: 21 - Request URL: www.anucentralcollege.lk/wp-config.bak
Attempts: 22 - Request URL: www.anucentralcollege.lk/wp-config.orig
Attempts: 23 - Request URL: www.anucentralcollege.lk/wp-config.php.bak
Attempts: 24 - Request URL: www.anucentralcollege.lk/wp-config.php_bak
Attempts: 25 - Request URL: www.anucentralcollege.lk/wp-config.php.swp
Attempts: 25 - Request URL: www.anucentralcollege.lk/wp-config.php~
Attempts: 26 - Request URL: www.anucentralcollege.lk/wp-config.php.orig
Attempts: 27 - Request URL: www.anucentralcollege.lk/wp-config.txt
Attempts: 28 - Request URL: www.anucentralcollege.lk/.wp-config.php.swp
Attempts: 29 - Request URL: www.anucentralcollege.lk/wp-config.old
Attempts: 30 - Request URL: www.anucentralcollege.lk/wp-config.original
Attempts: 31 - Request URL: www.anucentralcollege.lk/searchreplacedb2.php
Attempts: 32 - Request URL: www.anucentralcollege.lk/wp-content/themes/archi-3.0.1/error_log
Attempts: 33 - Request URL: www.anucentralcollege.lk/wp-content/mu-plugins/
Attempts: 34 - Request URL: www.anucentralcollege.lk/wp-content/plugins/bootstrap-modals/changelog.txt
Attempts: 35 - Request URL: www.anucentralcollege.lk/wp-content/plugins/bootstrap-modals/error_log
Attempts: 36 - Request URL: www.anucentralcollege.lk/wp-content/plugins/contact-form-7/changelog.txt
Attempts: 37 - Request URL: www.anucentralcollege.lk/wp-content/themes/archi-3.0.1/error_log
Attempts: 38 - Request URL: www.anucentralcollege.lk/wp-content/plugins/contact-form-7/error_log
Attempts: 39 - Request URL: www.anucentralcollege.lk/wp-content/plugins/bootstrap-modals/changelog.txt
Attempts: 40 - Request URL: www.anucentralcollege.lk/wp-content/plugins/js_composer/readme.txt
Attempts: 41 - Request URL: www.anucentralcollege.lk/wp-content/plugins/bootstrap-modals/error_log
Attempts: 42 - Request URL: www.anucentralcollege.lk/wp-content/plugins/js_composer/README.txt
Attempts: 43 - Request URL: www.anucentralcollege.lk/wp-content/plugins/js_composer/Readme.txt
Attempts: 44 - Request URL: www.anucentralcollege.lk/wp-content/plugins/js_composer/ReadMe.txt
Attempts: 45 - Request URL: www.anucentralcollege.lk/wp-content/plugins/contact-form-7/changelog.txt
Attempts: 46 - Request URL: www.anucentralcollege.lk/wp-content/plugins/js_composer/README.TXT
Attempts: 47 - Request URL: www.anucentralcollege.lk/wp-content/plugins/contact-form-7/error_log
Attempts: 48 - Request URL: www.anucentralcollege.lk/wp-content/plugins/js_composer/readme.TXT
Attempts: 49 - Request URL: www.anucentralcollege.lk/wp-content/plugins/js_composer/readme.txt
Attempts: 50 - Request URL: www.anucentralcollege.lk/wp-content/plugins/js_composer/changelog.txt
Attempts: 51 - Request URL: www.anucentralcollege.lk/wp-content/plugins/js_composer/README.txt
Attempts: 52 - Request URL: www.anucentralcollege.lk/wp-content/plugins/js_composer/error_log
Attempts: 53 - Request URL: www.anucentralcollege.lk/wp-content/plugins/js_composer/Readme.txt
Attempts: 54 - Request URL: www.anucentralcollege.lk/wp-content/plugins/js_composer/ReadMe.txt
Attempts: 55 - Request URL: www.anucentralcollege.lk/wp-content/plugins/responsive-flickr-gallery/changelog.txt
Attempts: 56 - Request URL: www.anucentralcollege.lk/wp-content/plugins/js_composer/README.TXT
Attempts: 57 - Request URL: www.anucentralcollege.lk/wp-content/plugins/responsive-flickr-gallery/error_log
Attempts: 58 - Request URL: www.anucentralcollege.lk/wp-content/plugins/js_composer/readme.TXT
Attempts: 59 - Request URL: www.anucentralcollege.lk/wp-content/plugins/revslider/readme.txt
Attempts: 60 - Request URL: www.anucentralcollege.lk/wp-content/plugins/js_composer/changelog.txt
Attempts: 61 - Request URL: www.anucentralcollege.lk/wp-content/plugins/revslider/README.txt
Attempts: 62 - Request URL: www.anucentralcollege.lk/wp-content/plugins/js_composer/error_log
Attempts: 63 - Request URL: www.anucentralcollege.lk/wp-content/plugins/revslider/Readme.txt
Attempts: 64 - Request URL: www.anucentralcollege.lk/wp-content/plugins/revslider/ReadMe.txt
Attempts: 65 - Request URL: www.anucentralcollege.lk/wp-content/plugins/responsive-flickr-gallery/changelog.txt
Attempts: 66 - Request URL: www.anucentralcollege.lk/wp-content/plugins/revslider/README.TXT
Attempts: 67 - Request URL: www.anucentralcollege.lk/wp-content/plugins/responsive-flickr-gallery/error_log
Attempts: 68 - Request URL: www.anucentralcollege.lk/wp-content/plugins/revslider/readme.TXT
Attempts: 69 - Request URL: www.anucentralcollege.lk/wp-content/plugins/revslider/readme.txt
Attempts: 70 - Request URL: www.anucentralcollege.lk/wp-content/plugins/revslider/changelog.txt
Attempts: 71 - Request URL: www.anucentralcollege.lk/wp-content/plugins/revslider/README.txt
Attempts: 72 - Request URL: www.anucentralcollege.lk/wp-content/plugins/revslider/error_log
Attempts: 73 - Request URL: www.anucentralcollege.lk/wp-content/plugins/revslider/Readme.txt
Attempts: 74 - Request URL: www.anucentralcollege.lk/wp-content/plugins/sp-news-and-widget/changelog.txt
Attempts: 75 - Request URL: www.anucentralcollege.lk/wp-content/plugins/revslider/ReadMe.txt
Attempts: 76 - Request URL: www.anucentralcollege.lk/wp-content/plugins/sp-news-and-widget/error_log
Attempts: 77 - Request URL: www.anucentralcollege.lk/wp-content/plugins/revslider/README.TXT
Attempts: 78 - Request URL: www.anucentralcollege.lk/wp-content/plugins/revslider/readme.TXT
Attempts: 79 - Request URL: www.anucentralcollege.lk/wp-content/plugins/ultimate-tables/changelog.txt
Attempts: 80 - Request URL: www.anucentralcollege.lk/wp-content/plugins/revslider/changelog.txt
Attempts: 81 - Request URL: www.anucentralcollege.lk/wp-content/plugins/ultimate-tables/error_log
Attempts: 82 - Request URL: www.anucentralcollege.lk/wp-content/plugins/revslider/error_log
Attempts: 83 - Request URL: www.anucentralcollege.lk/wp-content/plugins/vc-extensions-imageoverlay/readme.txt
Attempts: 84 - Request URL: www.anucentralcollege.lk/wp-content/plugins/vc-extensions-imageoverlay/README.txt
Attempts: 85 - Request URL: www.anucentralcollege.lk/wp-content/plugins/sp-news-and-widget/changelog.txt
Attempts: 86 - Request URL: www.anucentralcollege.lk/wp-content/plugins/vc-extensions-imageoverlay/Readme.txt
Attempts: 87 - Request URL: www.anucentralcollege.lk/wp-content/plugins/sp-news-and-widget/error_log
Attempts: 88 - Request URL: www.anucentralcollege.lk/wp-content/plugins/vc-extensions-imageoverlay/ReadMe.txt
Attempts: 89 - Request URL: www.anucentralcollege.lk/wp-content/plugins/vc-extensions-imageoverlay/README.TXT
Attempts: 90 - Request URL: www.anucentralcollege.lk/wp-content/plugins/ultimate-tables/changelog.txt
Attempts: 91 - Request URL: www.anucentralcollege.lk/wp-content/plugins/vc-extensions-imageoverlay/readme.TXT
Attempts: 92 - Request URL: www.anucentralcollege.lk/wp-content/plugins/ultimate-tables/error_log
Attempts: 93 - Request URL: www.anucentralcollege.lk/wp-content/plugins/vc-extensions-imageoverlay/changelog.txt
Attempts: 94 - Request URL: www.anucentralcollege.lk/wp-content/plugins/vc-extensions-imageoverlay/readme.txt
Attempts: 95 - Request URL: www.anucentralcollege.lk/wp-content/plugins/vc-extensions-imageoverlay/error_log
Attempts: 96 - Request URL: www.anucentralcollege.lk/wp-content/plugins/vc-extensions-imageoverlay/README.txt
Attempts: 97 - Request URL: www.anucentralcollege.lk/wp-content/plugins/vc-extensions-imageoverlay/Readme.txt
Attempts: 98 - Request URL: www.anucentralcollege.lk/wp-content/plugins/all-in-one-seo-pack/readme.txt
Attempts: 99 - Request URL: www.anucentralcollege.lk/wp-content/plugins/vc-extensions-imageoverlay/ReadMe.txt
Attempts: more than 99 - Request URL: www.anucentralcollege.lk/wp-content/plugins/all-in-one-seo-pack/README.txt
Attempts: 1 - Request URL: www.anucentralcollege.lk/wp-content/plugins/vc-extensions-imageoverlay/README.TXT
Attempts: 2 - Request URL: www.anucentralcollege.lk/wp-content/plugins/all-in-one-seo-pack/Readme.txt
Attempts: 3 - Request URL: www.anucentralcollege.lk/wp-content/plugins/vc-extensions-imageoverlay/readme.TXT
Attempts: 4 - Request URL: www.anucentralcollege.lk/wp-content/plugins/all-in-one-seo-pack/ReadMe.txt
Attempts: 5 - Request URL: www.anucentralcollege.lk/wp-content/plugins/vc-extensions-imageoverlay/changelog.txt
Attempts: 6 - Request URL: www.anucentralcollege.lk/wp-content/plugins/all-in-one-seo-pack/README.TXT
