Attempts: 1 - Request URL: www.anucentralcollege.lk/wp-content/themes/archi-3.0.1/.images/page-loader.gif
Attempts: 2 - Request URL: www.anucentralcollege.lk/wp-content/themes/archi-3.0.1/.images/page-loader.gif
Attempts: 3 - Request URL: www.anucentralcollege.lk/wp-content/uploads/2017/06/PARADE-OF-EMERALDS-2016-1-300x199.jpg
Attempts: 4 - Request URL: www.anucentralcollege.lk/wp-content/uploads/2017/06/VESAK-PROCESSION-2013-300x200.jpg
Attempts: 5 - Request URL: www.anucentralcollege.lk/wp-content/uploads/2017/06/SENIOR-PREFECTS-DAY-2015-300x175.jpg
Attempts: 6 - Request URL: www.anucentralcollege.lk/wp-content/uploads/2017/06/THE-TEACHERS-DAY-2014-300x225.jpg
Attempts: 7 - Request URL: www.anucentralcollege.lk/wp-content/uploads/2017/06/JUNIOR-PREFECTS-DAY-2015-300x200.jpg
Attempts: 8 - Request URL: www.anucentralcollege.lk/wp-content/uploads/2017/06/SEELA-CAMPAIGN-300x225.jpg
Attempts: 9 - Request URL: www.anucentralcollege.lk/wp-content/uploads/2017/06/MR.-HASANTHA-HETTIARACHCHI-%E2%80%93-LECTURE-300x225.jpg
Attempts: 10 - Request URL: www.anucentralcollege.lk/wp-content/uploads/2017/06/67th-ANNIVERSARY-1-300x200.jpg
Attempts: 11 - Request URL: www.anucentralcollege.lk/wp-content/uploads/2017/06/WELCOME-GRADE-6-%E2%80%93-2014-300x225.jpg
Attempts: 12 - Request URL: www.anucentralcollege.lk/wp-content/uploads/2017/06/DISTRIBUTION-OF-WARM-UP-KITS-300x200.jpg
Attempts: 13 - Request URL: www.anucentralcollege.lk/wp-content/uploads/2017/06/KIDS%E2%80%99-FAIR-2014-300x200.jpg
Attempts: 14 - Request URL: www.anucentralcollege.lk/wp-content/uploads/2017/06/DISTRIBUTION-OF-WARM-UP-KITS-300x200.jpg
Attempts: 15 - Request URL: www.anucentralcollege.lk/wp-content/uploads/2017/06/VESAK-PROCESSION-2013-300x200.jpg
Attempts: 16 - Request URL: www.anucentralcollege.lk/wp-content/uploads/2017/06/SENIOR-PREFECTS-DAY-2015-300x175.jpg
Attempts: 17 - Request URL: www.anucentralcollege.lk/wp-content/uploads/2017/06/THE-TEACHERS-DAY-2014-300x225.jpg
Attempts: 18 - Request URL: www.anucentralcollege.lk/wp-content/uploads/2017/06/JUNIOR-PREFECTS-DAY-2015-300x200.jpg
Attempts: 19 - Request URL: www.anucentralcollege.lk/wp-content/uploads/2017/06/THE-CHILDRENS-DAY-2014-300x225.jpg
Attempts: 20 - Request URL: www.anucentralcollege.lk/wp-content/uploads/2017/06/WELCOME-GRADE-6-%E2%80%93-2014-300x225.jpg
Attempts: 21 - Request URL: www.anucentralcollege.lk/wp-content/uploads/2017/06/MURALI-CUP-2013-300x200.jpg
Attempts: 22 - Request URL: www.anucentralcollege.lk/wp-content/themes/archi-3.0.1/.images/page-loader.gif
Attempts: 23 - Request URL: www.anucentralcollege.lk/wp-content/uploads/2017/06/BATTLE-OF-JUNIORS-300x201.jpg
Attempts: 24 - Request URL: www.anucentralcollege.lk/wp-content/uploads/2017/06/PARADE-OF-EMERALDS-2016-1-300x199.jpg
Attempts: 25 - Request URL: www.anucentralcollege.lk/wp-content/uploads/2017/06/PARADE-OF-EMERALDS-2015-1-300x200.jpg
Attempts: 26 - Request URL: www.anucentralcollege.lk/wp-content/uploads/2017/06/WEBSITE-LAUNCH-2014-300x200.jpg
Attempts: 27 - Request URL: www.anucentralcollege.lk/wp-content/uploads/2017/06/MURALI-CUP-2013-300x200.jpg
Attempts: 28 - Request URL: www.anucentralcollege.lk/wp-content/themes/archi-3.0.1/.images/page-loader.gif
Attempts: 29 - Request URL: www.anucentralcollege.lk/wp-content/themes/archi-3.0.1/.images/page-loader.gif
