Attempts: 1 - Request URL: www.anucentralcollege.lk/sfi9876
Attempts: 2 - Request URL: www.anucentralcollege.lk/sfi9876.png
Attempts: 3 - Request URL: www.anucentralcollege.lk/~sfi9876
Attempts: 4 - Request URL: www.anucentralcollege.lk/sfi9876.png
Attempts: 5 - Request URL: www.anucentralcollege.lk/sfi9876/
Attempts: 6 - Request URL: www.anucentralcollege.lk/sfi9876.png
Attempts: 7 - Request URL: www.anucentralcollege.lk/sfi9876.png
Attempts: 8 - Request URL: www.anucentralcollege.lk/lpt9
Attempts: 9 - Request URL: www.anucentralcollege.lk/sfi9876.png
Attempts: 10 - Request URL: www.anucentralcollege.lk/sfi9876.png
Attempts: 11 - Request URL: www.anucentralcollege.lk/sfi9876.png
Attempts: 12 - Request URL: www.anucentralcollege.lk/sfi9876.png
Attempts: 13 - Request URL: www.anucentralcollege.lk/sfi9876.png
Attempts: 14 - Request URL: www.anucentralcollege.lk/FOO-sfi9876
Attempts: 15 - Request URL: www.anucentralcollege.lk/relative-links.png
Attempts: 16 - Request URL: www.anucentralcollege.lk/contact-us.png
Attempts: 17 - Request URL: www.anucentralcollege.lk/6-7-section.png
Attempts: 18 - Request URL: www.anucentralcollege.lk/wp-includes.png
Attempts: 19 - Request URL: www.anucentralcollege.lk/home/sfi9876.js
Attempts: 20 - Request URL: www.anucentralcollege.lk/home/anucentr/sfi9876.php
Attempts: 21 - Request URL: www.anucentralcollege.lk/home/anucentr/sfi9876.php
Attempts: 22 - Request URL: www.anucentralcollege.lk/home/anucentr/
Attempts: 23 - Request URL: www.anucentralcollege.lk/relative-links/%60false%60
Attempts: 24 - Request URL: www.anucentralcollege.lk/relative-links/bogus%0DSkipfish-Inject:bogus
Attempts: 25 - Request URL: www.anucentralcollege.lk/relative-links/%22%60false%60%22
Attempts: 26 - Request URL: www.anucentralcollege.lk/relative-links/%60true%60
Attempts: 27 - Request URL: www.anucentralcollege.lk/relative-links/%27%60true%60%27
Attempts: 28 - Request URL: www.anucentralcollege.lk/home/anucentr/public_html/wp-content/
Attempts: 29 - Request URL: www.anucentralcollege.lk/home/anucentr/
