Attempts: 1 - Request URL: www.anucentralcollege.lk/abcdef1234ABCDEF/
Attempts: 2 - Request URL: www.anucentralcollege.lk/5/
Attempts: 3 - Request URL: www.anucentralcollege.lk/4/
Attempts: 4 - Request URL: www.anucentralcollege.lk/3/
Attempts: 5 - Request URL: www.anucentralcollege.lk/x/
Attempts: 6 - Request URL: www.anucentralcollege.lk/az/
Attempts: 7 - Request URL: www.anucentralcollege.lk/am/
Attempts: 8 - Request URL: www.anucentralcollege.lk/bb/
Attempts: 9 - Request URL: www.anucentralcollege.lk/bz/
Attempts: 10 - Request URL: www.anucentralcollege.lk/eg/
Attempts: 11 - Request URL: www.anucentralcollege.lk/la/
Attempts: 12 - Request URL: www.anucentralcollege.lk/so/
Attempts: 13 - Request URL: www.anucentralcollege.lk/sd/
Attempts: 14 - Request URL: www.anucentralcollege.lk/tz/
Attempts: 15 - Request URL: www.anucentralcollege.lk/tg/
Attempts: 16 - Request URL: www.anucentralcollege.lk/jpgs/
Attempts: 17 - Request URL: www.anucentralcollege.lk/advertise/
Attempts: 18 - Request URL: www.anucentralcollege.lk/cat/
Attempts: 19 - Request URL: www.anucentralcollege.lk/catalog/
Attempts: 20 - Request URL: www.anucentralcollege.lk/cc/
Attempts: 21 - Request URL: www.anucentralcollege.lk/cnt/
Attempts: 22 - Request URL: www.anucentralcollege.lk/conferences/
Attempts: 23 - Request URL: www.anucentralcollege.lk/cron/
Attempts: 24 - Request URL: www.anucentralcollege.lk/free/
Attempts: 25 - Request URL: www.anucentralcollege.lk/full/
Attempts: 26 - Request URL: www.anucentralcollege.lk/ftp/
Attempts: 27 - Request URL: www.anucentralcollege.lk/google/
Attempts: 28 - Request URL: www.anucentralcollege.lk/image/
Attempts: 29 - Request URL: www.anucentralcollege.lk/lang/
Attempts: 30 - Request URL: www.anucentralcollege.lk/kontakt/
Attempts: 31 - Request URL: www.anucentralcollege.lk/listinfo/
Attempts: 32 - Request URL: www.anucentralcollege.lk/manuals/
Attempts: 33 - Request URL: www.anucentralcollege.lk/nation/
Attempts: 34 - Request URL: www.anucentralcollege.lk/newsletter/
Attempts: 35 - Request URL: www.anucentralcollege.lk/partners/
Attempts: 36 - Request URL: www.anucentralcollege.lk/pc/
Attempts: 37 - Request URL: www.anucentralcollege.lk/plug/
Attempts: 38 - Request URL: www.anucentralcollege.lk/prods/
Attempts: 39 - Request URL: www.anucentralcollege.lk/pt/
Attempts: 40 - Request URL: www.anucentralcollege.lk/resources/
Attempts: 41 - Request URL: www.anucentralcollege.lk/screenshot/
Attempts: 42 - Request URL: www.anucentralcollege.lk/screenshots/
Attempts: 43 - Request URL: www.anucentralcollege.lk/showthread/
Attempts: 44 - Request URL: www.anucentralcollege.lk/spyware/
Attempts: 45 - Request URL: www.anucentralcollege.lk/sploit/
Attempts: 46 - Request URL: www.anucentralcollege.lk/static/
Attempts: 47 - Request URL: www.anucentralcollege.lk/store/
Attempts: 48 - Request URL: www.anucentralcollege.lk/training/
Attempts: 49 - Request URL: www.anucentralcollege.lk/updates/
Attempts: 50 - Request URL: www.anucentralcollege.lk/voicemail/
Attempts: 51 - Request URL: www.anucentralcollege.lk/wlan/
Attempts: 52 - Request URL: www.anucentralcollege.lk/who/
Attempts: 53 - Request URL: www.anucentralcollege.lk/wireless/
Attempts: 54 - Request URL: www.anucentralcollege.lk/ws/
Attempts: 55 - Request URL: www.anucentralcollege.lk/xml/
Attempts: 56 - Request URL: www.anucentralcollege.lk/yahoo/
