Attempts: 1 - Request URL: www.anucentralcollege.lk/home/images/6.png
Attempts: 2 - Request URL: www.anucentralcollege.lk/wp-content/themes/archi-3.0.1/fonts/glyphicons-halflings-regular.woff
Attempts: 3 - Request URL: www.anucentralcollege.lk/home/images/7.png
Attempts: 4 - Request URL: www.anucentralcollege.lk/home/images/2.png
Attempts: 5 - Request URL: www.anucentralcollege.lk/home/images/1.png
Attempts: 6 - Request URL: www.anucentralcollege.lk/home/images/3.png
Attempts: 7 - Request URL: www.anucentralcollege.lk/home/images/4.png
Attempts: 8 - Request URL: www.anucentralcollege.lk/wp-content/themes/archi-3.0.1/fonts/glyphicons-halflings-regular.ttf
Attempts: 9 - Request URL: www.anucentralcollege.lk/home/images/5.png
Attempts: 10 - Request URL: www.anucentralcollege.lk/wp-content/uploads/2017/06/PARADE-OF-EMERALDS-2015-1-300x200.jpg
Attempts: 11 - Request URL: www.anucentralcollege.lk/wp-content/uploads/2017/06/THE-CHILDRENS-DAY-2015-300x200.jpg
Attempts: 12 - Request URL: www.anucentralcollege.lk/wp-content/uploads/2017/06/ENGLISH-DRAMA-COMPETITION-2014-300x169.jpg
Attempts: 13 - Request URL: www.anucentralcollege.lk/wp-content/uploads/2017/06/PARADE-OF-EMERALDS-2016-1-300x199.jpg
Attempts: 14 - Request URL: www.anucentralcollege.lk/wp-content/uploads/2017/06/BATTLE-OF-JUNIORS-300x201.jpg
Attempts: 15 - Request URL: www.anucentralcollege.lk/wp-content/uploads/2017/06/WELCOME-TO-GRADE-12-2015-300x225.jpg
Attempts: 16 - Request URL: www.anucentralcollege.lk/wp-content/uploads/2017/06/DISTRIBUTION-OF-WARM-UP-KITS-300x200.jpg
Attempts: 17 - Request URL: www.anucentralcollege.lk/wp-content/uploads/2017/06/COLOURS-NIGHT-2011-2013-2015-300x200.jpg
Attempts: 18 - Request URL: www.anucentralcollege.lk/wp-content/uploads/2017/06/SENIOR-PREFECTS-DAY-2015-300x175.jpg
Attempts: 19 - Request URL: www.anucentralcollege.lk/wp-content/uploads/2017/06/JUNIOR-PREFECTS-DAY-2015-300x200.jpg
Attempts: 20 - Request URL: www.anucentralcollege.lk/wp-content/uploads/2017/06/VESAK-PROCESSION-2013-300x200.jpg
Attempts: 21 - Request URL: www.anucentralcollege.lk/wp-content/uploads/2017/06/SEELA-CAMPAIGN-300x225.jpg
Attempts: 22 - Request URL: www.anucentralcollege.lk/wp-content/uploads/2017/06/THE-TEACHERS-DAY-2014-300x225.jpg
Attempts: 23 - Request URL: www.anucentralcollege.lk/wp-content/uploads/2017/06/THE-CHILDRENS-DAY-2014-300x225.jpg
Attempts: 24 - Request URL: www.anucentralcollege.lk/wp-content/uploads/2017/06/WEBSITE-LAUNCH-2014-300x200.jpg
Attempts: 25 - Request URL: www.anucentralcollege.lk/wp-content/uploads/2017/06/67th-ANNIVERSARY-1-300x200.jpg
Attempts: 26 - Request URL: www.anucentralcollege.lk/wp-content/uploads/2017/06/ENGLISH-LITERARY-CAMP-300x225.jpg
Attempts: 27 - Request URL: www.anucentralcollege.lk/wp-content/uploads/2017/06/KIDS%E2%80%99-FAIR-2014-300x200.jpg
Attempts: 28 - Request URL: www.anucentralcollege.lk/wp-content/uploads/2017/06/NEW-YEAR-FESTIVAL-2014-300x225.jpg
Attempts: 29 - Request URL: www.anucentralcollege.lk/wp-content/uploads/2017/06/UNDER-19-DIV-II-CHAMPIONS-2014-300x200.jpg
Attempts: 30 - Request URL: www.anucentralcollege.lk/wp-content/uploads/2017/06/SPORTS-MEET-2014-300x200.jpg
Attempts: 31 - Request URL: www.anucentralcollege.lk/wp-content/uploads/2017/06/WELCOME-GRADE-6-%E2%80%93-2014-300x225.jpg
Attempts: 32 - Request URL: www.anucentralcollege.lk/wp-content/uploads/2017/06/SENIOR-PREFECTS-DAY-2014-300x200.jpg
Attempts: 33 - Request URL: www.anucentralcollege.lk/wp-content/uploads/2017/06/ARRIVAL-OF-MAWARALE-BHADDIYA-THERO-300x225.jpg
Attempts: 34 - Request URL: www.anucentralcollege.lk/wp-content/uploads/2017/06/INDEPENDENCE-DAY-CELEBRATION-2014-300x225.jpg
Attempts: 35 - Request URL: www.anucentralcollege.lk/wp-content/uploads/2017/06/MR.-HASANTHA-HETTIARACHCHI-%E2%80%93-LECTURE-300x225.jpg
Attempts: 36 - Request URL: www.anucentralcollege.lk/wp-content/uploads/2017/06/BANDARAWELA-AMITHANANDA-THERO-300x225.jpg
Attempts: 37 - Request URL: www.anucentralcollege.lk/wp-content/uploads/2017/06/RUK-ROPANAYA-300x200.jpg
Attempts: 38 - Request URL: www.anucentralcollege.lk/wp-content/uploads/2017/06/PRIZE-GIVING-2013-300x200.jpg
Attempts: 39 - Request URL: www.anucentralcollege.lk/wp-content/uploads/2017/06/EXHIBITION-2013-300x225.jpg
Attempts: 40 - Request URL: www.anucentralcollege.lk/wp-content/uploads/2017/06/MURALI-CUP-2013-300x200.jpg
Attempts: 41 - Request URL: www.anucentralcollege.lk/wp-content/uploads/2017/06/THE-CHILDRENS-DAY-2012-300x225.jpg
Attempts: 42 - Request URL: www.anucentralcollege.lk/wp-content/uploads/2017/06/CAR-WASH-2016-300x200.jpg
Attempts: 43 - Request URL: www.anucentralcollege.lk/wp-content/uploads/2017/06/ENGLISH-DRAMA-COMPETITION-2014-300x169.jpg
Attempts: 44 - Request URL: www.anucentralcollege.lk/wp-content/uploads/2017/06/PARADE-OF-EMERALDS-2015-1-300x200.jpg
Attempts: 45 - Request URL: www.anucentralcollege.lk/wp-content/uploads/2017/06/PARADE-OF-EMERALDS-2016-1-300x199.jpg
Attempts: 46 - Request URL: www.anucentralcollege.lk/wp-content/uploads/2017/06/SENIOR-PREFECTS-DAY-2015-300x175.jpg
Attempts: 47 - Request URL: www.anucentralcollege.lk/wp-content/uploads/2017/06/67th-ANNIVERSARY-1-300x200.jpg
Attempts: 48 - Request URL: www.anucentralcollege.lk/wp-content/uploads/2017/06/SENIOR-PREFECTS-DAY-2014-300x200.jpg
Attempts: 49 - Request URL: www.anucentralcollege.lk/wp-content/uploads/2017/06/ENGLISH-LITERARY-CAMP-300x225.jpg
Attempts: 50 - Request URL: www.anucentralcollege.lk/wp-content/uploads/2017/06/WELCOME-TO-GRADE-12-2015-300x225.jpg
Attempts: 51 - Request URL: www.anucentralcollege.lk/wp-content/uploads/2017/06/THE-TEACHERS-DAY-2014-300x225.jpg
Attempts: 52 - Request URL: www.anucentralcollege.lk/wp-content/uploads/2017/06/UNDER-19-DIV-II-CHAMPIONS-2014-300x200.jpg
Attempts: 53 - Request URL: www.anucentralcollege.lk/wp-content/uploads/2017/06/NEW-YEAR-FESTIVAL-2014-300x225.jpg
Attempts: 54 - Request URL: www.anucentralcollege.lk/wp-content/uploads/2017/06/ARRIVAL-OF-MAWARALE-BHADDIYA-THERO-300x225.jpg
Attempts: 55 - Request URL: www.anucentralcollege.lk/wp-content/uploads/2017/06/MR.-HASANTHA-HETTIARACHCHI-%E2%80%93-LECTURE-300x225.jpg
Attempts: 56 - Request URL: www.anucentralcollege.lk/wp-content/uploads/2017/06/SPORTS-MEET-2014-300x200.jpg
Attempts: 57 - Request URL: www.anucentralcollege.lk/wp-content/uploads/2017/06/BATTLE-OF-JUNIORS-300x201.jpg
Attempts: 58 - Request URL: www.anucentralcollege.lk/wp-content/uploads/2017/06/SEELA-CAMPAIGN-300x225.jpg
Attempts: 59 - Request URL: www.anucentralcollege.lk/wp-content/uploads/2017/06/JUNIOR-PREFECTS-DAY-2015-300x200.jpg
Attempts: 60 - Request URL: www.anucentralcollege.lk/wp-content/uploads/2017/06/DISTRIBUTION-OF-WARM-UP-KITS-300x200.jpg
Attempts: 61 - Request URL: www.anucentralcollege.lk/wp-content/uploads/2017/06/VESAK-PROCESSION-2013-300x200.jpg
Attempts: 62 - Request URL: www.anucentralcollege.lk/wp-content/uploads/2017/06/WEBSITE-LAUNCH-2014-300x200.jpg
Attempts: 63 - Request URL: www.anucentralcollege.lk/wp-content/uploads/2017/06/THE-CHILDRENS-DAY-2015-300x200.jpg
Attempts: 64 - Request URL: www.anucentralcollege.lk/wp-content/uploads/2017/06/COLOURS-NIGHT-2011-2013-2015-300x200.jpg
Attempts: 65 - Request URL: www.anucentralcollege.lk/wp-content/uploads/2017/06/RUK-ROPANAYA-300x200.jpg
Attempts: 66 - Request URL: www.anucentralcollege.lk/wp-content/uploads/2017/06/INDEPENDENCE-DAY-CELEBRATION-2014-300x225.jpg
Attempts: 67 - Request URL: www.anucentralcollege.lk/wp-content/uploads/2017/06/KIDS%E2%80%99-FAIR-2014-300x200.jpg
Attempts: 68 - Request URL: www.anucentralcollege.lk/wp-content/uploads/2017/06/THE-CHILDRENS-DAY-2014-300x225.jpg
Attempts: 69 - Request URL: www.anucentralcollege.lk/wp-content/uploads/2017/06/WELCOME-GRADE-6-%E2%80%93-2014-300x225.jpg
Attempts: 70 - Request URL: www.anucentralcollege.lk/wp-content/uploads/2017/06/BANDARAWELA-AMITHANANDA-THERO-300x225.jpg
Attempts: 71 - Request URL: www.anucentralcollege.lk/wp-content/uploads/2017/06/PRIZE-GIVING-2013-300x200.jpg
Attempts: 72 - Request URL: www.anucentralcollege.lk/wp-content/uploads/2017/06/EXHIBITION-2013-300x225.jpg
Attempts: 73 - Request URL: www.anucentralcollege.lk/wp-content/uploads/2017/06/MURALI-CUP-2013-300x200.jpg
Attempts: 74 - Request URL: www.anucentralcollege.lk/wp-content/uploads/2017/06/THE-CHILDRENS-DAY-2012-300x225.jpg
Attempts: 75 - Request URL: www.anucentralcollege.lk/wp-content/uploads/2017/06/CAR-WASH-2016-300x200.jpg
Attempts: 76 - Request URL: www.anucentralcollege.lk/wp-content/uploads/2017/06/PARADE-OF-EMERALDS-2015-1-300x200.jpg
Attempts: 77 - Request URL: www.anucentralcollege.lk/wp-content/uploads/2017/06/PARADE-OF-EMERALDS-2016-1-300x199.jpg
Attempts: 78 - Request URL: www.anucentralcollege.lk/wp-content/uploads/2017/06/PARADE-OF-EMERALDS-2015-1-300x200.jpg
Attempts: 79 - Request URL: www.anucentralcollege.lk/wp-content/uploads/2017/06/PARADE-OF-EMERALDS-2016-1-300x199.jpg
